# JRE version: OpenJDK Runtime Environment (8.0_112-b06) (build 1.8.0_112-release-b06)
# Java VM: OpenJDK 64-Bit Server VM (25.112-b06 mixed mode windows-amd64 compressed oops)
Heap:
 PSYoungGen      total 211456K, used 25578K [0x00000000e0000000, 0x00000000ef900000, 0x0000000100000000)
  eden space 185856K, 0% used [0x00000000e0000000,0x00000000e0000000,0x00000000eb580000)
  from space 25600K, 99% used [0x00000000ed200000,0x00000000eeafab00,0x00000000eeb00000)
  to   space 29184K, 0% used [0x00000000eb580000,0x00000000eb580000,0x00000000ed200000)
 ParOldGen       total 116224K, used 35883K [0x00000000a0000000, 0x00000000a7180000, 0x00000000e0000000)
  object space 116224K, 30% used [0x00000000a0000000,0x00000000a230ac48,0x00000000a7180000)
 Metaspace       used 56557K, capacity 59046K, committed 59096K, reserved 1099776K
  class space    used 7666K, capacity 8282K, committed 8320K, reserved 1048576K
GC Heap History (10 events):
Event: 25.607 GC heap after
Heap after GC invocations=10 (full 2):
 PSYoungGen      total 126464K, used 11008K [0x00000000e0000000, 0x00000000e9880000, 0x0000000100000000)
  eden space 113664K, 0% used [0x00000000e0000000,0x00000000e0000000,0x00000000e6f00000)
  from space 12800K, 86% used [0x00000000e7c80000,0x00000000e8740268,0x00000000e8900000)
  to   space 13824K, 0% used [0x00000000e6f00000,0x00000000e6f00000,0x00000000e7c80000)
 ParOldGen       total 116224K, used 17286K [0x00000000a0000000, 0x00000000a7180000, 0x00000000e0000000)
  object space 116224K, 14% used [0x00000000a0000000,0x00000000a10e1950,0x00000000a7180000)
 Metaspace       used 43180K, capacity 44150K, committed 44288K, reserved 1087488K
  class space    used 5767K, capacity 6045K, committed 6144K, reserved 1048576K
}
Event: 27.109 GC heap before
{Heap before GC invocations=11 (full 2):
 PSYoungGen      total 126464K, used 124672K [0x00000000e0000000, 0x00000000e9880000, 0x0000000100000000)
  eden space 113664K, 100% used [0x00000000e0000000,0x00000000e6f00000,0x00000000e6f00000)
  from space 12800K, 86% used [0x00000000e7c80000,0x00000000e8740268,0x00000000e8900000)
  to   space 13824K, 0% used [0x00000000e6f00000,0x00000000e6f00000,0x00000000e7c80000)
 ParOldGen       total 116224K, used 17286K [0x00000000a0000000, 0x00000000a7180000, 0x00000000e0000000)
  object space 116224K, 14% used [0x00000000a0000000,0x00000000a10e1950,0x00000000a7180000)
 Metaspace       used 43535K, capacity 44524K, committed 44800K, reserved 1087488K
  class space    used 5796K, capacity 6058K, committed 6144K, reserved 1048576K
Event: 27.134 GC heap after
Heap after GC invocations=11 (full 2):
 PSYoungGen      total 127488K, used 12919K [0x00000000e0000000, 0x00000000eae80000, 0x0000000100000000)
  eden space 113664K, 0% used [0x00000000e0000000,0x00000000e0000000,0x00000000e6f00000)
  from space 13824K, 93% used [0x00000000e6f00000,0x00000000e7b9dea0,0x00000000e7c80000)
  to   space 14848K, 0% used [0x00000000ea000000,0x00000000ea000000,0x00000000eae80000)
 ParOldGen       total 116224K, used 17294K [0x00000000a0000000, 0x00000000a7180000, 0x00000000e0000000)
  object space 116224K, 14% used [0x00000000a0000000,0x00000000a10e3950,0x00000000a7180000)
 Metaspace       used 43535K, capacity 44524K, committed 44800K, reserved 1087488K
  class space    used 5796K, capacity 6058K, committed 6144K, reserved 1048576K
}
Event: 35.740 GC heap before
{Heap before GC invocations=12 (full 2):
 PSYoungGen      total 127488K, used 126583K [0x00000000e0000000, 0x00000000eae80000, 0x0000000100000000)
  eden space 113664K, 100% used [0x00000000e0000000,0x00000000e6f00000,0x00000000e6f00000)
  from space 13824K, 93% used [0x00000000e6f00000,0x00000000e7b9dea0,0x00000000e7c80000)
  to   space 14848K, 0% used [0x00000000ea000000,0x00000000ea000000,0x00000000eae80000)
 ParOldGen       total 116224K, used 17294K [0x00000000a0000000, 0x00000000a7180000, 0x00000000e0000000)
  object space 116224K, 14% used [0x00000000a0000000,0x00000000a10e3950,0x00000000a7180000)
 Metaspace       used 48817K, capacity 50568K, committed 50816K, reserved 1093632K
  class space    used 6598K, capacity 7027K, committed 7040K, reserved 1048576K
Event: 35.770 GC heap after
Heap after GC invocations=12 (full 2):
 PSYoungGen      total 160256K, used 14845K [0x00000000e0000000, 0x00000000eb200000, 0x0000000100000000)
  eden space 145408K, 0% used [0x00000000e0000000,0x00000000e0000000,0x00000000e8e00000)
  from space 14848K, 99% used [0x00000000ea000000,0x00000000eae7f730,0x00000000eae80000)
  to   space 18432K, 0% used [0x00000000e8e00000,0x00000000e8e00000,0x00000000ea000000)
 ParOldGen       total 116224K, used 22452K [0x00000000a0000000, 0x00000000a7180000, 0x00000000e0000000)
  object space 116224K, 19% used [0x00000000a0000000,0x00000000a15ed330,0x00000000a7180000)
 Metaspace       used 48817K, capacity 50568K, committed 50816K, reserved 1093632K
  class space    used 6598K, capacity 7027K, committed 7040K, reserved 1048576K
}
Event: 40.875 GC heap before
{Heap before GC invocations=13 (full 2):
 PSYoungGen      total 160256K, used 160253K [0x00000000e0000000, 0x00000000eb200000, 0x0000000100000000)
  eden space 145408K, 100% used [0x00000000e0000000,0x00000000e8e00000,0x00000000e8e00000)
  from space 14848K, 99% used [0x00000000ea000000,0x00000000eae7f730,0x00000000eae80000)
  to   space 18432K, 0% used [0x00000000e8e00000,0x00000000e8e00000,0x00000000ea000000)
 ParOldGen       total 116224K, used 22452K [0x00000000a0000000, 0x00000000a7180000, 0x00000000e0000000)
  object space 116224K, 19% used [0x00000000a0000000,0x00000000a15ed330,0x00000000a7180000)
 Metaspace       used 53762K, capacity 55884K, committed 56064K, reserved 1097728K
  class space    used 7359K, capacity 7831K, committed 7936K, reserved 1048576K
Event: 40.973 GC heap after
Heap after GC invocations=13 (full 2):
 PSYoungGen      total 163840K, used 18429K [0x00000000e0000000, 0x00000000eeb00000, 0x0000000100000000)
  eden space 145408K, 0% used [0x00000000e0000000,0x00000000e0000000,0x00000000e8e00000)
  from space 18432K, 99% used [0x00000000e8e00000,0x00000000e9fff730,0x00000000ea000000)
  to   space 25600K, 0% used [0x00000000ed200000,0x00000000ed200000,0x00000000eeb00000)
 ParOldGen       total 116224K, used 35389K [0x00000000a0000000, 0x00000000a7180000, 0x00000000e0000000)
  object space 116224K, 30% used [0x00000000a0000000,0x00000000a228f6a0,0x00000000a7180000)
 Metaspace       used 53762K, capacity 55884K, committed 56064K, reserved 1097728K
  class space    used 7359K, capacity 7831K, committed 7936K, reserved 1048576K
}
Event: 42.027 GC heap before
{Heap before GC invocations=14 (full 2):
 PSYoungGen      total 163840K, used 78028K [0x00000000e0000000, 0x00000000eeb00000, 0x0000000100000000)
  eden space 145408K, 40% used [0x00000000e0000000,0x00000000e3a33c40,0x00000000e8e00000)
  from space 18432K, 99% used [0x00000000e8e00000,0x00000000e9fff730,0x00000000ea000000)
  to   space 25600K, 0% used [0x00000000ed200000,0x00000000ed200000,0x00000000eeb00000)
 ParOldGen       total 116224K, used 35389K [0x00000000a0000000, 0x00000000a7180000, 0x00000000e0000000)
  object space 116224K, 30% used [0x00000000a0000000,0x00000000a228f6a0,0x00000000a7180000)
 Metaspace       used 56557K, capacity 59046K, committed 59096K, reserved 1099776K
  class space    used 7666K, capacity 8282K, committed 8320K, reserved 1048576K
Event: 42.064 GC heap after
Heap after GC invocations=14 (full 2):
 PSYoungGen      total 211456K, used 25578K [0x00000000e0000000, 0x00000000ef900000, 0x0000000100000000)
  eden space 185856K, 0% used [0x00000000e0000000,0x00000000e0000000,0x00000000eb580000)
  from space 25600K, 99% used [0x00000000ed200000,0x00000000eeafab00,0x00000000eeb00000)
  to   space 29184K, 0% used [0x00000000eb580000,0x00000000eb580000,0x00000000ed200000)
 ParOldGen       total 116224K, used 35883K [0x00000000a0000000, 0x00000000a7180000, 0x00000000e0000000)
  object space 116224K, 30% used [0x00000000a0000000,0x00000000a230ac48,0x00000000a7180000)
 Metaspace       used 56557K, capacity 59046K, committed 59096K, reserved 1099776K
  class space    used 7666K, capacity 8282K, committed 8320K, reserved 1048576K
}
Event: 42.064 GC heap before
{Heap before GC invocations=15 (full 3):
 PSYoungGen      total 211456K, used 25578K [0x00000000e0000000, 0x00000000ef900000, 0x0000000100000000)
  eden space 185856K, 0% used [0x00000000e0000000,0x00000000e0000000,0x00000000eb580000)
  from space 25600K, 99% used [0x00000000ed200000,0x00000000eeafab00,0x00000000eeb00000)
  to   space 29184K, 0% used [0x00000000eb580000,0x00000000eb580000,0x00000000ed200000)
 ParOldGen       total 116224K, used 35883K [0x00000000a0000000, 0x00000000a7180000, 0x00000000e0000000)
  object space 116224K, 30% used [0x00000000a0000000,0x00000000a230ac48,0x00000000a7180000)
 Metaspace       used 56557K, capacity 59046K, committed 59096K, reserved 1099776K
  class space    used 7666K, capacity 8282K, committed 8320K, reserved 1048576K

